
*** Running vivado
    with args -log lab34.vds -m64 -product Vivado -mode batch -messageDb vivado.pb -notrace -source lab34.tcl


****** Vivado v2023.1 (64-bit)
  **** SW Build 3865809 on Sun May  7 15:04:56 MDT 2023
  **** IP Build 3864474 on Sun May  7 20:36:21 MDT 2023
  **** SharedData Build 3865790 on Sun May 07 13:33:03 MDT 2023
    ** Copyright 1986-2022 Xilinx, Inc. All Rights Reserved.
    ** Copyright 2022-2023 Advanced Micro Devices, Inc. All Rights Reserved.

source lab34.tcl -notrace
create_project: Time (s): cpu = 00:00:07 ; elapsed = 00:00:07 . Memory (MB): peak = 1723.840 ; gain = 52.148 ; free physical = 1153 ; free virtual = 3871
Command: synth_design -top lab34 -part xc7a35tcpg236-1
Starting synth_design
Attempting to get a license for feature 'Synthesis' and/or device 'xc7a35t'
INFO: [Common 17-349] Got license for feature 'Synthesis' and/or device 'xc7a35t'
INFO: [Device 21-403] Loading part xc7a35tcpg236-1
INFO: [Synth 8-7079] Multithreading enabled for synth_design using a maximum of 4 processes.
INFO: [Synth 8-7078] Launching helper process for spawning children vivado processes
INFO: [Synth 8-7075] Helper process launched with PID 18235
---------------------------------------------------------------------------------
Starting RTL Elaboration : Time (s): cpu = 00:00:04 ; elapsed = 00:00:04 . Memory (MB): peak = 2502.809 ; gain = 382.840 ; free physical = 368 ; free virtual = 2896
---------------------------------------------------------------------------------
INFO: [Synth 8-6157] synthesizing module 'lab34' [/home/user/lab34/lab34.srcs/sources_1/new/lab34.sv:23]
INFO: [Synth 8-226] default block is never used [/home/user/lab34/lab34.srcs/sources_1/new/lab34.sv:36]
INFO: [Synth 8-6157] synthesizing module 'lab24' [/home/user/lab34/lab34.srcs/sources_1/new/top.v:3]
INFO: [Synth 8-6155] done synthesizing module 'lab24' (0#1) [/home/user/lab34/lab34.srcs/sources_1/new/top.v:3]
INFO: [Synth 8-6155] done synthesizing module 'lab34' (0#1) [/home/user/lab34/lab34.srcs/sources_1/new/lab34.sv:23]
---------------------------------------------------------------------------------
Finished RTL Elaboration : Time (s): cpu = 00:00:06 ; elapsed = 00:00:07 . Memory (MB): peak = 2569.977 ; gain = 450.008 ; free physical = 131 ; free virtual = 2618
---------------------------------------------------------------------------------
---------------------------------------------------------------------------------
Start Handling Custom Attributes
---------------------------------------------------------------------------------
---------------------------------------------------------------------------------
Finished Handling Custom Attributes : Time (s): cpu = 00:00:06 ; elapsed = 00:00:07 . Memory (MB): peak = 2582.363 ; gain = 462.395 ; free physical = 130 ; free virtual = 2616
---------------------------------------------------------------------------------
---------------------------------------------------------------------------------
Finished RTL Optimization Phase 1 : Time (s): cpu = 00:00:06 ; elapsed = 00:00:07 . Memory (MB): peak = 2582.363 ; gain = 462.395 ; free physical = 130 ; free virtual = 2616
---------------------------------------------------------------------------------
Netlist sorting complete. Time (s): cpu = 00:00:00.01 ; elapsed = 00:00:00.01 . Memory (MB): peak = 2582.957 ; gain = 0.055 ; free physical = 119 ; free virtual = 2611
INFO: [Project 1-570] Preparing netlist for logic optimization

Processing XDC Constraints
Initializing timing engine
Parsing XDC File [/home/user/lab34/lab34.srcs/constrs_1/new/man.xdc]
Finished Parsing XDC File [/home/user/lab34/lab34.srcs/constrs_1/new/man.xdc]
INFO: [Project 1-236] Implementation specific constraints were found while reading constraint file [/home/user/lab34/lab34.srcs/constrs_1/new/man.xdc]. These constraints will be ignored for synthesis but will be used in implementation. Impacted constraints are listed in the file [.Xil/lab34_propImpl.xdc].
Resolution: To avoid this warning, move constraints listed in [.Xil/lab34_propImpl.xdc] to another XDC file and exclude this new file from synthesis with the used_in_synthesis property (File Properties dialog in GUI) and re-run elaboration/synthesis.
Completed Processing XDC Constraints

Netlist sorting complete. Time (s): cpu = 00:00:00 ; elapsed = 00:00:00 . Memory (MB): peak = 2712.340 ; gain = 0.000 ; free physical = 90 ; free virtual = 2594
INFO: [Project 1-111] Unisim Transformation Summary:
No Unisim elements were transformed.

Constraint Validation Runtime : Time (s): cpu = 00:00:00 ; elapsed = 00:00:00.01 . Memory (MB): peak = 2712.402 ; gain = 0.047 ; free physical = 90 ; free virtual = 2594
---------------------------------------------------------------------------------
Finished Constraint Validation : Time (s): cpu = 00:00:12 ; elapsed = 00:00:13 . Memory (MB): peak = 2712.531 ; gain = 592.562 ; free physical = 100 ; free virtual = 2582
---------------------------------------------------------------------------------
---------------------------------------------------------------------------------
Start Loading Part and Timing Information
---------------------------------------------------------------------------------
Loading part: xc7a35tcpg236-1
---------------------------------------------------------------------------------
Finished Loading Part and Timing Information : Time (s): cpu = 00:00:12 ; elapsed = 00:00:13 . Memory (MB): peak = 2712.531 ; gain = 592.562 ; free physical = 100 ; free virtual = 2583
---------------------------------------------------------------------------------
---------------------------------------------------------------------------------
Start Applying 'set_property' XDC Constraints
---------------------------------------------------------------------------------
---------------------------------------------------------------------------------
Finished applying 'set_property' XDC Constraints : Time (s): cpu = 00:00:12 ; elapsed = 00:00:13 . Memory (MB): peak = 2712.531 ; gain = 592.562 ; free physical = 100 ; free virtual = 2583
---------------------------------------------------------------------------------
---------------------------------------------------------------------------------
Finished RTL Optimization Phase 2 : Time (s): cpu = 00:00:13 ; elapsed = 00:00:14 . Memory (MB): peak = 2712.531 ; gain = 592.562 ; free physical = 102 ; free virtual = 2586
---------------------------------------------------------------------------------
---------------------------------------------------------------------------------
Start RTL Component Statistics 
---------------------------------------------------------------------------------
Detailed RTL Component Info : 
+---Muxes : 
	   2 Input    4 Bit        Muxes := 2     
	   4 Input    4 Bit        Muxes := 1     
---------------------------------------------------------------------------------
Finished RTL Component Statistics 
---------------------------------------------------------------------------------
---------------------------------------------------------------------------------
Start Part Resource Summary
---------------------------------------------------------------------------------
Part Resources:
DSPs: 90 (col length:60)
BRAMs: 100 (col length: RAMB18 60 RAMB36 30)
---------------------------------------------------------------------------------
Finished Part Resource Summary
---------------------------------------------------------------------------------
---------------------------------------------------------------------------------
Start Cross Boundary and Area Optimization
---------------------------------------------------------------------------------
WARNING: [Synth 8-7080] Parallel synthesis criteria is not met
WARNING: [Synth 8-3917] design lab34 has port an[3] driven by constant 1
WARNING: [Synth 8-3917] design lab34 has port an[2] driven by constant 1
WARNING: [Synth 8-3917] design lab34 has port an[1] driven by constant 1
WARNING: [Synth 8-3917] design lab34 has port an[0] driven by constant 0
---------------------------------------------------------------------------------
Finished Cross Boundary and Area Optimization : Time (s): cpu = 00:00:14 ; elapsed = 00:00:15 . Memory (MB): peak = 2712.531 ; gain = 592.562 ; free physical = 71 ; free virtual = 2561
---------------------------------------------------------------------------------
---------------------------------------------------------------------------------
Start Applying XDC Timing Constraints
---------------------------------------------------------------------------------
---------------------------------------------------------------------------------
Finished Applying XDC Timing Constraints : Time (s): cpu = 00:00:19 ; elapsed = 00:00:21 . Memory (MB): peak = 2745.676 ; gain = 625.707 ; free physical = 160 ; free virtual = 2579
---------------------------------------------------------------------------------
---------------------------------------------------------------------------------
Start Timing Optimization
---------------------------------------------------------------------------------
---------------------------------------------------------------------------------
Finished Timing Optimization : Time (s): cpu = 00:00:19 ; elapsed = 00:00:21 . Memory (MB): peak = 2745.676 ; gain = 625.707 ; free physical = 160 ; free virtual = 2579
---------------------------------------------------------------------------------
---------------------------------------------------------------------------------
Start Technology Mapping
---------------------------------------------------------------------------------
---------------------------------------------------------------------------------
Finished Technology Mapping : Time (s): cpu = 00:00:19 ; elapsed = 00:00:21 . Memory (MB): peak = 2745.676 ; gain = 625.707 ; free physical = 160 ; free virtual = 2579
---------------------------------------------------------------------------------
---------------------------------------------------------------------------------
Start IO Insertion
---------------------------------------------------------------------------------
---------------------------------------------------------------------------------
Start Flattening Before IO Insertion
---------------------------------------------------------------------------------
---------------------------------------------------------------------------------
Finished Flattening Before IO Insertion
---------------------------------------------------------------------------------
---------------------------------------------------------------------------------
Start Final Netlist Cleanup
---------------------------------------------------------------------------------
---------------------------------------------------------------------------------
Finished Final Netlist Cleanup
---------------------------------------------------------------------------------
---------------------------------------------------------------------------------
Finished IO Insertion : Time (s): cpu = 00:00:22 ; elapsed = 00:00:24 . Memory (MB): peak = 2745.676 ; gain = 625.707 ; free physical = 159 ; free virtual = 2579
---------------------------------------------------------------------------------
---------------------------------------------------------------------------------
Start Renaming Generated Instances
---------------------------------------------------------------------------------
---------------------------------------------------------------------------------
Finished Renaming Generated Instances : Time (s): cpu = 00:00:22 ; elapsed = 00:00:24 . Memory (MB): peak = 2745.676 ; gain = 625.707 ; free physical = 159 ; free virtual = 2579
---------------------------------------------------------------------------------
---------------------------------------------------------------------------------
Start Rebuilding User Hierarchy
---------------------------------------------------------------------------------
---------------------------------------------------------------------------------
Finished Rebuilding User Hierarchy : Time (s): cpu = 00:00:22 ; elapsed = 00:00:24 . Memory (MB): peak = 2745.676 ; gain = 625.707 ; free physical = 159 ; free virtual = 2579
---------------------------------------------------------------------------------
---------------------------------------------------------------------------------
Start Renaming Generated Ports
---------------------------------------------------------------------------------
---------------------------------------------------------------------------------
Finished Renaming Generated Ports : Time (s): cpu = 00:00:22 ; elapsed = 00:00:24 . Memory (MB): peak = 2745.676 ; gain = 625.707 ; free physical = 159 ; free virtual = 2579
---------------------------------------------------------------------------------
---------------------------------------------------------------------------------
Start Handling Custom Attributes
---------------------------------------------------------------------------------
---------------------------------------------------------------------------------
Finished Handling Custom Attributes : Time (s): cpu = 00:00:22 ; elapsed = 00:00:24 . Memory (MB): peak = 2745.676 ; gain = 625.707 ; free physical = 159 ; free virtual = 2579
---------------------------------------------------------------------------------
---------------------------------------------------------------------------------
Start Renaming Generated Nets
---------------------------------------------------------------------------------
---------------------------------------------------------------------------------
Finished Renaming Generated Nets : Time (s): cpu = 00:00:22 ; elapsed = 00:00:24 . Memory (MB): peak = 2745.676 ; gain = 625.707 ; free physical = 159 ; free virtual = 2579
---------------------------------------------------------------------------------
---------------------------------------------------------------------------------
Start Writing Synthesis Report
---------------------------------------------------------------------------------

Report BlackBoxes: 
+-+--------------+----------+
| |BlackBox name |Instances |
+-+--------------+----------+
+-+--------------+----------+

Report Cell Usage: 
+------+-----+------+
|      |Cell |Count |
+------+-----+------+
|1     |LUT4 |     7|
|2     |LUT6 |     4|
|3     |IBUF |    18|
|4     |OBUF |    11|
+------+-----+------+
---------------------------------------------------------------------------------
Finished Writing Synthesis Report : Time (s): cpu = 00:00:22 ; elapsed = 00:00:24 . Memory (MB): peak = 2745.676 ; gain = 625.707 ; free physical = 159 ; free virtual = 2579
---------------------------------------------------------------------------------
Synthesis finished with 0 errors, 0 critical warnings and 5 warnings.
Synthesis Optimization Runtime : Time (s): cpu = 00:00:20 ; elapsed = 00:00:22 . Memory (MB): peak = 2745.676 ; gain = 495.539 ; free physical = 159 ; free virtual = 2579
Synthesis Optimization Complete : Time (s): cpu = 00:00:22 ; elapsed = 00:00:24 . Memory (MB): peak = 2745.676 ; gain = 625.707 ; free physical = 159 ; free virtual = 2580
INFO: [Project 1-571] Translating synthesized netlist
Netlist sorting complete. Time (s): cpu = 00:00:00 ; elapsed = 00:00:00 . Memory (MB): peak = 2745.676 ; gain = 0.000 ; free physical = 155 ; free virtual = 2578
INFO: [Project 1-570] Preparing netlist for logic optimization
INFO: [Opt 31-138] Pushed 0 inverter(s) to 0 load pin(s).
Netlist sorting complete. Time (s): cpu = 00:00:00 ; elapsed = 00:00:00 . Memory (MB): peak = 2745.676 ; gain = 0.000 ; free physical = 478 ; free virtual = 2934
INFO: [Project 1-111] Unisim Transformation Summary:
No Unisim elements were transformed.

Synth Design complete | Checksum: 1201a7e4
INFO: [Common 17-83] Releasing license: Synthesis
18 Infos, 5 Warnings, 0 Critical Warnings and 0 Errors encountered.
synth_design completed successfully
synth_design: Time (s): cpu = 00:00:32 ; elapsed = 00:00:30 . Memory (MB): peak = 2745.676 ; gain = 1021.574 ; free physical = 477 ; free virtual = 2934
INFO: [Common 17-2834] synth_design peak Physical Memory [PSS] (MB): overall = 2238.861; main = 1715.378; forked = 555.125
INFO: [Common 17-2834] synth_design peak Virtual Memory [VSS] (MB): overall = 4508.703; main = 2682.145; forked = 1826.562
INFO: [Common 17-1381] The checkpoint '/home/user/lab34/lab34.runs/synth_1/lab34.dcp' has been generated.
INFO: [runtcl-4] Executing : report_utilization -file lab34_utilization_synth.rpt -pb lab34_utilization_synth.pb
INFO: [Common 17-206] Exiting Vivado at Thu Sep 19 21:58:32 2024...
