#-----------------------------------------------------------
# Vivado v2018.2 (64-bit)
# SW Build 2258646 on Thu Jun 14 20:03:12 MDT 2018
# IP Build 2256618 on Thu Jun 14 22:10:49 MDT 2018
# Start of session at: Fri Sep 13 01:38:17 2024
# Process ID: 14556
# Current directory: F:/Github/CUM/lab22
# Command line: vivado.exe -gui_launcher_event rodinguilauncherevent7788 F:\Github\CUM\lab22\lab22.xpr
# Log file: F:/Github/CUM/lab22/vivado.log
# Journal file: F:/Github/CUM/lab22\vivado.jou
#-----------------------------------------------------------
start_gui
open_project F:/Github/CUM/lab22/lab22.xpr
Scanning sources...
Finished scanning sources
INFO: [IP_Flow 19-234] Refreshing IP repositories
INFO: [IP_Flow 19-1704] No user IP repositories specified
INFO: [IP_Flow 19-2313] Loaded Vivado IP repository 'C:/Xilinx/Vivado/2018.2/data/ip'.
update_compile_order -fileset sources_1
reset_run synth_1
launch_runs synth_1 -jobs 6
[Fri Sep 13 01:40:31 2024] Launched synth_1...
Run output will be captured here: F:/Github/CUM/lab22/lab22.runs/synth_1/runme.log
launch_runs impl_1 -jobs 6
[Fri Sep 13 01:40:57 2024] Launched impl_1...
Run output will be captured here: F:/Github/CUM/lab22/lab22.runs/impl_1/runme.log
launch_runs impl_1 -to_step write_bitstream -jobs 6
[Fri Sep 13 01:41:37 2024] Launched impl_1...
Run output will be captured here: F:/Github/CUM/lab22/lab22.runs/impl_1/runme.log
exit
INFO: [Common 17-206] Exiting Vivado at Fri Sep 13 01:43:08 2024...
