Vivado Simulator v2023.1
Copyright 1986-2022 Xilinx, Inc. All Rights Reserved.
Copyright 2022-2023 Advanced Micro Devices, Inc. All Rights Reserved.
Running: /home/user/Xilinx/Vivado/2023.1/bin/unwrapped/lnx64.o/xelab --incr --debug typical --relax --mt 8 -L xil_defaultlib -L uvm -L unisims_ver -L unimacro_ver -L secureip --snapshot lab113_behav xil_defaultlib.lab113 xil_defaultlib.glbl -log elaborate.log 
Using 8 slave threads.
Starting static elaboration
Pass Through NonSizing Optimizer
WARNING: [VRFC 10-9380] size mismatch in mixed-language port association of VHDL port 'sign' [/home/user/lab113/lab113.srcs/sim_1/new/lab113.sv:31]
Completed static elaboration
Starting simulation data flow analysis
Completed simulation data flow analysis
Time Resolution for simulation is 1ps
Compiling package std.standard
Compiling package std.textio
Compiling package ieee.std_logic_1164
Compiling package ieee.std_logic_arith
Compiling architecture a of entity xil_defaultlib.ReadFile [\ReadFile(numofbits=16,file_name...]
Compiling module xil_defaultlib.lab111_main
Compiling architecture a of entity xil_defaultlib.WriteFile_full [\WriteFile_full(numofbits=16,fil...]
Compiling module xil_defaultlib.lab113
Compiling module xil_defaultlib.glbl
Built simulation snapshot lab113_behav
