Copyright 1986-2022 Xilinx, Inc. All Rights Reserved. Copyright 2022-2023 Advanced Micro Devices, Inc. All Rights Reserved.
---------------------------------------------------------------------------------------------------------------------------------------------
| Tool Version : Vivado v.2023.1 (lin64) Build 3865809 Sun May  7 15:04:56 MDT 2023
| Date         : Fri Oct 25 09:59:53 2024
| Host         : 94bd50c87ae4 running 64-bit Ubuntu 22.04.5 LTS
| Command      : report_control_sets -verbose -file lab82_control_sets_placed.rpt
| Design       : lab82
| Device       : xc7a35t
---------------------------------------------------------------------------------------------------------------------------------------------

Control Set Information

Table of Contents
-----------------
1. Summary
2. Histogram
3. Flip-Flop Distribution
4. Detailed Control Set Information

1. Summary
----------

+----------------------------------------------------------+-------+
|                          Status                          | Count |
+----------------------------------------------------------+-------+
| Total control sets                                       |     5 |
|    Minimum number of control sets                        |     5 |
|    Addition due to synthesis replication                 |     0 |
|    Addition due to physical synthesis replication        |     0 |
| Unused register locations in slices containing registers |    16 |
+----------------------------------------------------------+-------+
* Control sets can be merged at opt_design using control_set_merge or merge_equivalent_drivers
** Run report_qor_suggestions for automated merging and remapping suggestions


2. Histogram
------------

+--------------------+-------+
|       Fanout       | Count |
+--------------------+-------+
| Total control sets |     5 |
| >= 0 to < 4        |     1 |
| >= 4 to < 6        |     2 |
| >= 6 to < 8        |     0 |
| >= 8 to < 10       |     0 |
| >= 10 to < 12      |     0 |
| >= 12 to < 14      |     0 |
| >= 14 to < 16      |     1 |
| >= 16              |     1 |
+--------------------+-------+
* Control sets can be remapped at either synth_design or opt_design


3. Flip-Flop Distribution
-------------------------

+--------------+-----------------------+------------------------+-----------------+--------------+
| Clock Enable | Synchronous Set/Reset | Asynchronous Set/Reset | Total Registers | Total Slices |
+--------------+-----------------------+------------------------+-----------------+--------------+
| No           | No                    | No                     |               2 |            2 |
| No           | No                    | Yes                    |               0 |            0 |
| No           | Yes                   | No                     |              31 |           10 |
| Yes          | No                    | No                     |               4 |            2 |
| Yes          | No                    | Yes                    |               0 |            0 |
| Yes          | Yes                   | No                     |              19 |            3 |
+--------------+-----------------------+------------------------+-----------------+--------------+


4. Detailed Control Set Information
-----------------------------------

+----------------+------------------+------------------+------------------+----------------+--------------+
|  Clock Signal  |   Enable Signal  | Set/Reset Signal | Slice Load Count | Bel Load Count | Bels / Slice |
+----------------+------------------+------------------+------------------+----------------+--------------+
|  clk_IBUF_BUFG |                  |                  |                2 |              2 |         1.00 |
|  clk_IBUF_BUFG | y[3]_i_1_n_0     |                  |                2 |              4 |         2.00 |
|  clk_IBUF_BUFG | y[3]_i_1_n_0     | y[7]_i_1_n_0     |                1 |              4 |         4.00 |
|  clk_IBUF_BUFG | dout3[7]_i_1_n_0 | srst_IBUF        |                2 |             15 |         7.50 |
|  clk_IBUF_BUFG |                  | srst_IBUF        |               10 |             31 |         3.10 |
+----------------+------------------+------------------+------------------+----------------+--------------+


