
*** Running vivado
    with args -log lab33.vdi -applog -m64 -product Vivado -messageDb vivado.pb -mode batch -source lab33.tcl -notrace


****** Vivado v2023.1 (64-bit)
  **** SW Build 3865809 on Sun May  7 15:04:56 MDT 2023
  **** IP Build 3864474 on Sun May  7 20:36:21 MDT 2023
  **** SharedData Build 3865790 on Sun May 07 13:33:03 MDT 2023
    ** Copyright 1986-2022 Xilinx, Inc. All Rights Reserved.
    ** Copyright 2022-2023 Advanced Micro Devices, Inc. All Rights Reserved.

source lab33.tcl -notrace
create_project: Time (s): cpu = 00:00:07 ; elapsed = 00:00:07 . Memory (MB): peak = 1723.848 ; gain = 52.148 ; free physical = 1223 ; free virtual = 5309
Command: link_design -top lab33 -part xc7a35tcpg236-1
Design is defaulting to srcset: sources_1
Design is defaulting to constrset: constrs_1
INFO: [Device 21-403] Loading part xc7a35tcpg236-1
Netlist sorting complete. Time (s): cpu = 00:00:00.01 ; elapsed = 00:00:00 . Memory (MB): peak = 2121.934 ; gain = 0.035 ; free physical = 717 ; free virtual = 4829
INFO: [Project 1-479] Netlist was created with Vivado 2023.1
INFO: [Project 1-570] Preparing netlist for logic optimization
Parsing XDC File [/home/user/lab33/lab33.srcs/constrs_1/new/man.xdc]
Finished Parsing XDC File [/home/user/lab33/lab33.srcs/constrs_1/new/man.xdc]
INFO: [Opt 31-138] Pushed 0 inverter(s) to 0 load pin(s).
Netlist sorting complete. Time (s): cpu = 00:00:00 ; elapsed = 00:00:00 . Memory (MB): peak = 2276.250 ; gain = 0.000 ; free physical = 623 ; free virtual = 4739
INFO: [Project 1-111] Unisim Transformation Summary:
No Unisim elements were transformed.

5 Infos, 0 Warnings, 0 Critical Warnings and 0 Errors encountered.
link_design completed successfully
link_design: Time (s): cpu = 00:00:05 ; elapsed = 00:00:07 . Memory (MB): peak = 2280.543 ; gain = 551.105 ; free physical = 619 ; free virtual = 4735
Command: opt_design
Attempting to get a license for feature 'Implementation' and/or device 'xc7a35t'
INFO: [Common 17-349] Got license for feature 'Implementation' and/or device 'xc7a35t'
Running DRC as a precondition to command opt_design

Starting DRC Task
INFO: [DRC 23-27] Running DRC with 8 threads
INFO: [Project 1-461] DRC finished with 0 Errors
INFO: [Project 1-462] Please refer to the DRC report (report_drc) for more information.

Time (s): cpu = 00:00:01 ; elapsed = 00:00:00.8 . Memory (MB): peak = 2367.715 ; gain = 87.086 ; free physical = 597 ; free virtual = 4714

Starting Cache Timing Information Task
INFO: [Timing 38-35] Done setting XDC timing constraints.
Ending Cache Timing Information Task | Checksum: 1a14bf267

Time (s): cpu = 00:00:07 ; elapsed = 00:00:09 . Memory (MB): peak = 2804.977 ; gain = 437.262 ; free physical = 156 ; free virtual = 4290

Starting Logic Optimization Task

Phase 1 Retarget
INFO: [Opt 31-138] Pushed 0 inverter(s) to 0 load pin(s).
INFO: [Opt 31-49] Retargeted 0 cell(s).
Phase 1 Retarget | Checksum: 1a14bf267

Time (s): cpu = 00:00:00.05 ; elapsed = 00:00:00.05 . Memory (MB): peak = 3090.984 ; gain = 0.520 ; free physical = 88 ; free virtual = 4039
INFO: [Opt 31-389] Phase Retarget created 0 cells and removed 0 cells

Phase 2 Constant propagation
INFO: [Opt 31-138] Pushed 0 inverter(s) to 0 load pin(s).
Phase 2 Constant propagation | Checksum: 1a14bf267

Time (s): cpu = 00:00:00.05 ; elapsed = 00:00:00.05 . Memory (MB): peak = 3090.996 ; gain = 0.531 ; free physical = 88 ; free virtual = 4039
INFO: [Opt 31-389] Phase Constant propagation created 0 cells and removed 0 cells

Phase 3 Sweep
Phase 3 Sweep | Checksum: 1a14bf267

Time (s): cpu = 00:00:00.06 ; elapsed = 00:00:00.06 . Memory (MB): peak = 3091.098 ; gain = 0.633 ; free physical = 87 ; free virtual = 4039
INFO: [Opt 31-389] Phase Sweep created 0 cells and removed 0 cells

Phase 4 BUFG optimization
Phase 4 BUFG optimization | Checksum: 1a14bf267

Time (s): cpu = 00:00:00.07 ; elapsed = 00:00:00.08 . Memory (MB): peak = 3123.461 ; gain = 32.996 ; free physical = 89 ; free virtual = 4040
INFO: [Opt 31-662] Phase BUFG optimization created 0 cells of which 0 are BUFGs and removed 0 cells.

Phase 5 Shift Register Optimization
INFO: [Opt 31-1064] SRL Remap converted 0 SRLs to 0 registers and converted 0 registers of register chains to 0 SRLs
Phase 5 Shift Register Optimization | Checksum: 1a14bf267

Time (s): cpu = 00:00:00.09 ; elapsed = 00:00:00.1 . Memory (MB): peak = 3123.699 ; gain = 33.234 ; free physical = 88 ; free virtual = 4040
INFO: [Opt 31-389] Phase Shift Register Optimization created 0 cells and removed 0 cells

Phase 6 Post Processing Netlist
Phase 6 Post Processing Netlist | Checksum: 1a14bf267

Time (s): cpu = 00:00:00.09 ; elapsed = 00:00:00.11 . Memory (MB): peak = 3123.723 ; gain = 33.258 ; free physical = 88 ; free virtual = 4040
INFO: [Opt 31-389] Phase Post Processing Netlist created 0 cells and removed 0 cells
Opt_design Change Summary
=========================


-------------------------------------------------------------------------------------------------------------------------
|  Phase                        |  #Cells created  |  #Cells Removed  |  #Constrained objects preventing optimizations  |
-------------------------------------------------------------------------------------------------------------------------
|  Retarget                     |               0  |               0  |                                              0  |
|  Constant propagation         |               0  |               0  |                                              0  |
|  Sweep                        |               0  |               0  |                                              0  |
|  BUFG optimization            |               0  |               0  |                                              0  |
|  Shift Register Optimization  |               0  |               0  |                                              0  |
|  Post Processing Netlist      |               0  |               0  |                                              0  |
-------------------------------------------------------------------------------------------------------------------------



Starting Connectivity Check Task

Time (s): cpu = 00:00:00 ; elapsed = 00:00:00 . Memory (MB): peak = 3123.770 ; gain = 0.023 ; free physical = 88 ; free virtual = 4039
Ending Logic Optimization Task | Checksum: 1a14bf267

Time (s): cpu = 00:00:00.1 ; elapsed = 00:00:00.11 . Memory (MB): peak = 3123.770 ; gain = 33.305 ; free physical = 88 ; free virtual = 4039

Starting Power Optimization Task
INFO: [Pwropt 34-132] Skipping clock gating for clocks with a period < 2.00 ns.
Ending Power Optimization Task | Checksum: 1a14bf267

Time (s): cpu = 00:00:00.01 ; elapsed = 00:00:00.01 . Memory (MB): peak = 3123.879 ; gain = 0.070 ; free physical = 88 ; free virtual = 4039

Starting Final Cleanup Task
Ending Final Cleanup Task | Checksum: 1a14bf267

Time (s): cpu = 00:00:00 ; elapsed = 00:00:00 . Memory (MB): peak = 3123.879 ; gain = 0.000 ; free physical = 88 ; free virtual = 4039

Starting Netlist Obfuscation Task
Netlist sorting complete. Time (s): cpu = 00:00:00 ; elapsed = 00:00:00 . Memory (MB): peak = 3123.883 ; gain = 0.000 ; free physical = 88 ; free virtual = 4039
Ending Netlist Obfuscation Task | Checksum: 1a14bf267

Time (s): cpu = 00:00:00 ; elapsed = 00:00:00 . Memory (MB): peak = 3123.883 ; gain = 0.000 ; free physical = 88 ; free virtual = 4039
INFO: [Common 17-83] Releasing license: Implementation
22 Infos, 0 Warnings, 0 Critical Warnings and 0 Errors encountered.
opt_design completed successfully
opt_design: Time (s): cpu = 00:00:11 ; elapsed = 00:00:12 . Memory (MB): peak = 3123.902 ; gain = 843.336 ; free physical = 88 ; free virtual = 4039
INFO: [runtcl-4] Executing : report_drc -file lab33_drc_opted.rpt -pb lab33_drc_opted.pb -rpx lab33_drc_opted.rpx
Command: report_drc -file lab33_drc_opted.rpt -pb lab33_drc_opted.pb -rpx lab33_drc_opted.rpx
INFO: [IP_Flow 19-234] Refreshing IP repositories
INFO: [IP_Flow 19-1704] No user IP repositories specified
INFO: [IP_Flow 19-2313] Loaded Vivado IP repository '/home/user/Xilinx/Vivado/2023.1/data/ip'.
INFO: [DRC 23-27] Running DRC with 8 threads
INFO: [Vivado_Tcl 2-168] The results of DRC are in file /home/user/lab33/lab33.runs/impl_1/lab33_drc_opted.rpt.
report_drc completed successfully
INFO: [Timing 38-480] Writing timing data to binary archive.
Writing XDEF routing.
Writing XDEF routing logical nets.
Writing XDEF routing special nets.
Write XDEF Complete: Time (s): cpu = 00:00:00.13 ; elapsed = 00:00:00.1 . Memory (MB): peak = 3214.262 ; gain = 0.000 ; free physical = 147 ; free virtual = 4014
INFO: [Common 17-1381] The checkpoint '/home/user/lab33/lab33.runs/impl_1/lab33_opt.dcp' has been generated.
Command: place_design
Attempting to get a license for feature 'Implementation' and/or device 'xc7a35t'
INFO: [Common 17-349] Got license for feature 'Implementation' and/or device 'xc7a35t'
INFO: [DRC 23-27] Running DRC with 8 threads
INFO: [Vivado_Tcl 4-198] DRC finished with 0 Errors
INFO: [Vivado_Tcl 4-199] Please refer to the DRC report (report_drc) for more information.
Running DRC as a precondition to command place_design
INFO: [DRC 23-27] Running DRC with 8 threads
INFO: [Vivado_Tcl 4-198] DRC finished with 0 Errors
INFO: [Vivado_Tcl 4-199] Please refer to the DRC report (report_drc) for more information.

Starting Placer Task
INFO: [Place 30-611] Multithreading enabled for place_design using a maximum of 8 CPUs

Phase 1 Placer Initialization

Phase 1.1 Placer Initialization Netlist Sorting
Netlist sorting complete. Time (s): cpu = 00:00:00 ; elapsed = 00:00:00 . Memory (MB): peak = 3214.262 ; gain = 0.000 ; free physical = 152 ; free virtual = 4019
Phase 1.1 Placer Initialization Netlist Sorting | Checksum: 145090aee

Time (s): cpu = 00:00:00.01 ; elapsed = 00:00:00.01 . Memory (MB): peak = 3214.262 ; gain = 0.000 ; free physical = 152 ; free virtual = 4019
Netlist sorting complete. Time (s): cpu = 00:00:00 ; elapsed = 00:00:00 . Memory (MB): peak = 3214.262 ; gain = 0.000 ; free physical = 152 ; free virtual = 4019

Phase 1.2 IO Placement/ Clock Placement/ Build Placer Device
INFO: [Timing 38-35] Done setting XDC timing constraints.
Phase 1.2 IO Placement/ Clock Placement/ Build Placer Device | Checksum: 145090aee

Time (s): cpu = 00:00:00.16 ; elapsed = 00:00:00.14 . Memory (MB): peak = 3214.262 ; gain = 0.000 ; free physical = 147 ; free virtual = 4015

Phase 1.3 Build Placer Netlist Model
Phase 1.3 Build Placer Netlist Model | Checksum: 1ba6efccf

Time (s): cpu = 00:00:00.2 ; elapsed = 00:00:00.2 . Memory (MB): peak = 3214.262 ; gain = 0.000 ; free physical = 145 ; free virtual = 4014

Phase 1.4 Constrain Clocks/Macros
Phase 1.4 Constrain Clocks/Macros | Checksum: 1ba6efccf

Time (s): cpu = 00:00:00.21 ; elapsed = 00:00:00.2 . Memory (MB): peak = 3214.262 ; gain = 0.000 ; free physical = 145 ; free virtual = 4014
Phase 1 Placer Initialization | Checksum: 1ba6efccf

Time (s): cpu = 00:00:00.22 ; elapsed = 00:00:00.21 . Memory (MB): peak = 3214.262 ; gain = 0.000 ; free physical = 145 ; free virtual = 4015

Phase 2 Global Placement

Phase 2.1 Floorplanning
Phase 2.1 Floorplanning | Checksum: 1ba6efccf

Time (s): cpu = 00:00:00.23 ; elapsed = 00:00:00.23 . Memory (MB): peak = 3214.262 ; gain = 0.000 ; free physical = 137 ; free virtual = 4007

Phase 2.2 Update Timing before SLR Path Opt
Phase 2.2 Update Timing before SLR Path Opt | Checksum: 1ba6efccf

Time (s): cpu = 00:00:00.23 ; elapsed = 00:00:00.23 . Memory (MB): peak = 3214.262 ; gain = 0.000 ; free physical = 137 ; free virtual = 4007

Phase 2.3 Post-Processing in Floorplanning
Phase 2.3 Post-Processing in Floorplanning | Checksum: 1ba6efccf

Time (s): cpu = 00:00:00.23 ; elapsed = 00:00:00.23 . Memory (MB): peak = 3214.262 ; gain = 0.000 ; free physical = 137 ; free virtual = 4007

Phase 2.4 Global Placement Core
WARNING: [Place 46-29] Timing had been disabled during Placer and, therefore, physical synthesis in Placer will be skipped.
Phase 2.4 Global Placement Core | Checksum: 2382c48ea

Time (s): cpu = 00:00:00.6 ; elapsed = 00:00:00.44 . Memory (MB): peak = 3214.262 ; gain = 0.000 ; free physical = 140 ; free virtual = 4011
Phase 2 Global Placement | Checksum: 2382c48ea

Time (s): cpu = 00:00:00.61 ; elapsed = 00:00:00.44 . Memory (MB): peak = 3214.262 ; gain = 0.000 ; free physical = 140 ; free virtual = 4011

Phase 3 Detail Placement

Phase 3.1 Commit Multi Column Macros
Phase 3.1 Commit Multi Column Macros | Checksum: 2382c48ea

Time (s): cpu = 00:00:00.62 ; elapsed = 00:00:00.45 . Memory (MB): peak = 3214.262 ; gain = 0.000 ; free physical = 140 ; free virtual = 4011

Phase 3.2 Commit Most Macros & LUTRAMs
Phase 3.2 Commit Most Macros & LUTRAMs | Checksum: 1dcb592ac

Time (s): cpu = 00:00:00.63 ; elapsed = 00:00:00.46 . Memory (MB): peak = 3214.262 ; gain = 0.000 ; free physical = 140 ; free virtual = 4011

Phase 3.3 Area Swap Optimization
Phase 3.3 Area Swap Optimization | Checksum: 15b67315b

Time (s): cpu = 00:00:00.65 ; elapsed = 00:00:00.47 . Memory (MB): peak = 3214.262 ; gain = 0.000 ; free physical = 139 ; free virtual = 4011

Phase 3.4 Pipeline Register Optimization
Phase 3.4 Pipeline Register Optimization | Checksum: 15b67315b

Time (s): cpu = 00:00:00.65 ; elapsed = 00:00:00.48 . Memory (MB): peak = 3214.262 ; gain = 0.000 ; free physical = 139 ; free virtual = 4011

Phase 3.5 Small Shape Detail Placement
Phase 3.5 Small Shape Detail Placement | Checksum: 1fa26c75d

Time (s): cpu = 00:00:00.78 ; elapsed = 00:00:00.61 . Memory (MB): peak = 3214.262 ; gain = 0.000 ; free physical = 140 ; free virtual = 4012

Phase 3.6 Re-assign LUT pins
Phase 3.6 Re-assign LUT pins | Checksum: 1fa26c75d

Time (s): cpu = 00:00:00.78 ; elapsed = 00:00:00.61 . Memory (MB): peak = 3214.262 ; gain = 0.000 ; free physical = 140 ; free virtual = 4012

Phase 3.7 Pipeline Register Optimization
Phase 3.7 Pipeline Register Optimization | Checksum: 1fa26c75d

Time (s): cpu = 00:00:00.78 ; elapsed = 00:00:00.61 . Memory (MB): peak = 3214.262 ; gain = 0.000 ; free physical = 140 ; free virtual = 4012
Phase 3 Detail Placement | Checksum: 1fa26c75d

Time (s): cpu = 00:00:00.78 ; elapsed = 00:00:00.61 . Memory (MB): peak = 3214.262 ; gain = 0.000 ; free physical = 140 ; free virtual = 4012

Phase 4 Post Placement Optimization and Clean-Up

Phase 4.1 Post Commit Optimization
Phase 4.1 Post Commit Optimization | Checksum: 1fa26c75d

Time (s): cpu = 00:00:00.81 ; elapsed = 00:00:00.64 . Memory (MB): peak = 3214.262 ; gain = 0.000 ; free physical = 140 ; free virtual = 4012

Phase 4.2 Post Placement Cleanup
Phase 4.2 Post Placement Cleanup | Checksum: 1fa26c75d

Time (s): cpu = 00:00:00.82 ; elapsed = 00:00:00.65 . Memory (MB): peak = 3214.262 ; gain = 0.000 ; free physical = 140 ; free virtual = 4012

Phase 4.3 Placer Reporting

Phase 4.3.1 Print Estimated Congestion
INFO: [Place 30-612] Post-Placement Estimated Congestion 
 ____________________________________________________
|           | Global Congestion | Short Congestion  |
| Direction | Region Size       | Region Size       |
|___________|___________________|___________________|
|      North|                1x1|                1x1|
|___________|___________________|___________________|
|      South|                1x1|                1x1|
|___________|___________________|___________________|
|       East|                1x1|                1x1|
|___________|___________________|___________________|
|       West|                1x1|                1x1|
|___________|___________________|___________________|

Phase 4.3.1 Print Estimated Congestion | Checksum: 1fa26c75d

Time (s): cpu = 00:00:00.82 ; elapsed = 00:00:00.65 . Memory (MB): peak = 3214.262 ; gain = 0.000 ; free physical = 140 ; free virtual = 4012
Phase 4.3 Placer Reporting | Checksum: 1fa26c75d

Time (s): cpu = 00:00:00.82 ; elapsed = 00:00:00.65 . Memory (MB): peak = 3214.262 ; gain = 0.000 ; free physical = 140 ; free virtual = 4012

Phase 4.4 Final Placement Cleanup
Netlist sorting complete. Time (s): cpu = 00:00:00 ; elapsed = 00:00:00 . Memory (MB): peak = 3214.262 ; gain = 0.000 ; free physical = 140 ; free virtual = 4012

Time (s): cpu = 00:00:00.82 ; elapsed = 00:00:00.65 . Memory (MB): peak = 3214.262 ; gain = 0.000 ; free physical = 140 ; free virtual = 4012
Phase 4 Post Placement Optimization and Clean-Up | Checksum: 1fa26c75d

Time (s): cpu = 00:00:00.82 ; elapsed = 00:00:00.65 . Memory (MB): peak = 3214.262 ; gain = 0.000 ; free physical = 140 ; free virtual = 4012
Ending Placer Task | Checksum: 109be85d0

Time (s): cpu = 00:00:00.83 ; elapsed = 00:00:00.65 . Memory (MB): peak = 3214.262 ; gain = 0.000 ; free physical = 140 ; free virtual = 4012
INFO: [Common 17-83] Releasing license: Implementation
41 Infos, 1 Warnings, 0 Critical Warnings and 0 Errors encountered.
place_design completed successfully
INFO: [runtcl-4] Executing : report_io -file lab33_io_placed.rpt
report_io: Time (s): cpu = 00:00:00.23 ; elapsed = 00:00:00.36 . Memory (MB): peak = 3214.262 ; gain = 0.000 ; free physical = 124 ; free virtual = 3996
INFO: [runtcl-4] Executing : report_utilization -file lab33_utilization_placed.rpt -pb lab33_utilization_placed.pb
INFO: [runtcl-4] Executing : report_control_sets -verbose -file lab33_control_sets_placed.rpt
report_control_sets: Time (s): cpu = 00:00:00.15 ; elapsed = 00:00:00.27 . Memory (MB): peak = 3214.262 ; gain = 0.000 ; free physical = 110 ; free virtual = 3983
INFO: [Timing 38-480] Writing timing data to binary archive.
Writing XDEF routing.
Writing XDEF routing logical nets.
Writing XDEF routing special nets.
Write XDEF Complete: Time (s): cpu = 00:00:00.05 ; elapsed = 00:00:00.03 . Memory (MB): peak = 3214.262 ; gain = 0.000 ; free physical = 110 ; free virtual = 3983
INFO: [Common 17-1381] The checkpoint '/home/user/lab33/lab33.runs/impl_1/lab33_placed.dcp' has been generated.
Command: phys_opt_design
Attempting to get a license for feature 'Implementation' and/or device 'xc7a35t'
INFO: [Common 17-349] Got license for feature 'Implementation' and/or device 'xc7a35t'

Starting Initial Update Timing Task

Time (s): cpu = 00:00:00.01 ; elapsed = 00:00:00.02 . Memory (MB): peak = 3214.262 ; gain = 0.000 ; free physical = 107 ; free virtual = 3980
INFO: [Vivado_Tcl 4-235] No timing constraint found. The netlist was not modified.
INFO: [Common 17-83] Releasing license: Implementation
49 Infos, 1 Warnings, 0 Critical Warnings and 0 Errors encountered.
phys_opt_design completed successfully
INFO: [Timing 38-480] Writing timing data to binary archive.
Writing XDEF routing.
Writing XDEF routing logical nets.
Writing XDEF routing special nets.
Write XDEF Complete: Time (s): cpu = 00:00:00.04 ; elapsed = 00:00:00.02 . Memory (MB): peak = 3214.262 ; gain = 0.000 ; free physical = 108 ; free virtual = 3981
INFO: [Common 17-1381] The checkpoint '/home/user/lab33/lab33.runs/impl_1/lab33_physopt.dcp' has been generated.
Command: route_design
Attempting to get a license for feature 'Implementation' and/or device 'xc7a35t'
INFO: [Common 17-349] Got license for feature 'Implementation' and/or device 'xc7a35t'
Running DRC as a precondition to command route_design
INFO: [DRC 23-27] Running DRC with 8 threads
INFO: [Vivado_Tcl 4-198] DRC finished with 0 Errors
INFO: [Vivado_Tcl 4-199] Please refer to the DRC report (report_drc) for more information.


Starting Routing Task
INFO: [Route 35-254] Multithreading enabled for route_design using a maximum of 8 CPUs

Phase 1 Build RT Design
Checksum: PlaceDB: 1a85e3e8 ConstDB: 0 ShapeSum: ef38a1e8 RouteDB: 0
Post Restoration Checksum: NetGraph: 87d4e560 | NumContArr: bfaff211 | Constraints: 190a55ad | Timing: 0
Phase 1 Build RT Design | Checksum: 1608f2d1e

Time (s): cpu = 00:00:16 ; elapsed = 00:00:15 . Memory (MB): peak = 3251.082 ; gain = 28.902 ; free physical = 138 ; free virtual = 3846

Phase 2 Router Initialization
INFO: [Route 35-64] No timing constraints were detected. The router will operate in resource-optimization mode.

Phase 2.1 Fix Topology Constraints
Phase 2.1 Fix Topology Constraints | Checksum: 1608f2d1e

Time (s): cpu = 00:00:16 ; elapsed = 00:00:15 . Memory (MB): peak = 3281.336 ; gain = 59.156 ; free physical = 99 ; free virtual = 3809

Phase 2.2 Pre Route Cleanup
Phase 2.2 Pre Route Cleanup | Checksum: 1608f2d1e

Time (s): cpu = 00:00:16 ; elapsed = 00:00:15 . Memory (MB): peak = 3281.359 ; gain = 59.180 ; free physical = 99 ; free virtual = 3809
 Number of Nodes with overlaps = 0

Router Utilization Summary
  Global Vertical Routing Utilization    = 0 %
  Global Horizontal Routing Utilization  = 0 %
  Routable Net Status*
  *Does not include unroutable nets such as driverless and loadless.
  Run report_route_status for detailed report.
  Number of Failed Nets               = 13
    (Failed Nets is the sum of unrouted and partially routed nets)
  Number of Unrouted Nets             = 13
  Number of Partially Routed Nets     = 0
  Number of Node Overlaps             = 0

Phase 2 Router Initialization | Checksum: c8699e15

Time (s): cpu = 00:00:17 ; elapsed = 00:00:15 . Memory (MB): peak = 3290.637 ; gain = 68.457 ; free physical = 88 ; free virtual = 3798

Phase 3 Initial Routing

Phase 3.1 Global Routing
Phase 3.1 Global Routing | Checksum: c8699e15

Time (s): cpu = 00:00:17 ; elapsed = 00:00:15 . Memory (MB): peak = 3290.672 ; gain = 68.492 ; free physical = 88 ; free virtual = 3798
Phase 3 Initial Routing | Checksum: 6f859386

Time (s): cpu = 00:00:17 ; elapsed = 00:00:15 . Memory (MB): peak = 3291.141 ; gain = 68.961 ; free physical = 88 ; free virtual = 3798

Phase 4 Rip-up And Reroute

Phase 4.1 Global Iteration 0
 Number of Nodes with overlaps = 0
Phase 4.1 Global Iteration 0 | Checksum: 118753bc3

Time (s): cpu = 00:00:17 ; elapsed = 00:00:15 . Memory (MB): peak = 3291.270 ; gain = 69.090 ; free physical = 87 ; free virtual = 3798
Phase 4 Rip-up And Reroute | Checksum: 118753bc3

Time (s): cpu = 00:00:17 ; elapsed = 00:00:15 . Memory (MB): peak = 3291.273 ; gain = 69.094 ; free physical = 87 ; free virtual = 3798

Phase 5 Delay and Skew Optimization
Phase 5 Delay and Skew Optimization | Checksum: 118753bc3

Time (s): cpu = 00:00:17 ; elapsed = 00:00:15 . Memory (MB): peak = 3291.285 ; gain = 69.105 ; free physical = 87 ; free virtual = 3798

Phase 6 Post Hold Fix

Phase 6.1 Hold Fix Iter
Phase 6.1 Hold Fix Iter | Checksum: 118753bc3

Time (s): cpu = 00:00:17 ; elapsed = 00:00:15 . Memory (MB): peak = 3291.297 ; gain = 69.117 ; free physical = 87 ; free virtual = 3798
Phase 6 Post Hold Fix | Checksum: 118753bc3

Time (s): cpu = 00:00:17 ; elapsed = 00:00:15 . Memory (MB): peak = 3291.297 ; gain = 69.117 ; free physical = 87 ; free virtual = 3798

Phase 7 Route finalize

Router Utilization Summary
  Global Vertical Routing Utilization    = 0.00789285 %
  Global Horizontal Routing Utilization  = 0.00390422 %
  Routable Net Status*
  *Does not include unroutable nets such as driverless and loadless.
  Run report_route_status for detailed report.
  Number of Failed Nets               = 0
    (Failed Nets is the sum of unrouted and partially routed nets)
  Number of Unrouted Nets             = 0
  Number of Partially Routed Nets     = 0
  Number of Node Overlaps             = 0


--GLOBAL Congestion:
Utilization threshold used for congestion level computation: 0.85
Congestion Report
North Dir 1x1 Area, Max Cong = 16.2162%, No Congested Regions.
South Dir 1x1 Area, Max Cong = 23.4234%, No Congested Regions.
East Dir 1x1 Area, Max Cong = 2.94118%, No Congested Regions.
West Dir 1x1 Area, Max Cong = 5.88235%, No Congested Regions.

------------------------------
Reporting congestion hotspots
------------------------------
Direction: North
----------------
Congested clusters found at Level 0
Effective congestion level: 0 Aspect Ratio: 1 Sparse Ratio: 0
Direction: South
----------------
Congested clusters found at Level 0
Effective congestion level: 0 Aspect Ratio: 1 Sparse Ratio: 0
Direction: East
----------------
Congested clusters found at Level 0
Effective congestion level: 0 Aspect Ratio: 1 Sparse Ratio: 0
Direction: West
----------------
Congested clusters found at Level 0
Effective congestion level: 0 Aspect Ratio: 1 Sparse Ratio: 0

Phase 7 Route finalize | Checksum: 118753bc3

Time (s): cpu = 00:00:17 ; elapsed = 00:00:15 . Memory (MB): peak = 3291.352 ; gain = 69.172 ; free physical = 87 ; free virtual = 3798

Phase 8 Verifying routed nets

 Verification completed successfully
Phase 8 Verifying routed nets | Checksum: 118753bc3

Time (s): cpu = 00:00:17 ; elapsed = 00:00:15 . Memory (MB): peak = 3291.371 ; gain = 69.191 ; free physical = 87 ; free virtual = 3798

Phase 9 Depositing Routes
Phase 9 Depositing Routes | Checksum: 1465ba64f

Time (s): cpu = 00:00:17 ; elapsed = 00:00:15 . Memory (MB): peak = 3291.801 ; gain = 69.621 ; free physical = 86 ; free virtual = 3797
INFO: [Route 35-16] Router Completed Successfully

Phase 10 Post-Route Event Processing
Phase 10 Post-Route Event Processing | Checksum: 1d3b37809

Time (s): cpu = 00:00:17 ; elapsed = 00:00:15 . Memory (MB): peak = 3291.898 ; gain = 69.719 ; free physical = 86 ; free virtual = 3797

Time (s): cpu = 00:00:17 ; elapsed = 00:00:15 . Memory (MB): peak = 3291.902 ; gain = 69.723 ; free physical = 86 ; free virtual = 3797

Routing Is Done.
INFO: [Common 17-83] Releasing license: Implementation
59 Infos, 1 Warnings, 0 Critical Warnings and 0 Errors encountered.
route_design completed successfully
route_design: Time (s): cpu = 00:00:18 ; elapsed = 00:00:16 . Memory (MB): peak = 3295.844 ; gain = 81.582 ; free physical = 82 ; free virtual = 3795
INFO: [runtcl-4] Executing : report_drc -file lab33_drc_routed.rpt -pb lab33_drc_routed.pb -rpx lab33_drc_routed.rpx
Command: report_drc -file lab33_drc_routed.rpt -pb lab33_drc_routed.pb -rpx lab33_drc_routed.rpx
INFO: [IP_Flow 19-1839] IP Catalog is up to date.
INFO: [DRC 23-27] Running DRC with 8 threads
INFO: [Vivado_Tcl 2-168] The results of DRC are in file /home/user/lab33/lab33.runs/impl_1/lab33_drc_routed.rpt.
report_drc completed successfully
INFO: [runtcl-4] Executing : report_methodology -file lab33_methodology_drc_routed.rpt -pb lab33_methodology_drc_routed.pb -rpx lab33_methodology_drc_routed.rpx
Command: report_methodology -file lab33_methodology_drc_routed.rpt -pb lab33_methodology_drc_routed.pb -rpx lab33_methodology_drc_routed.rpx
INFO: [Timing 38-35] Done setting XDC timing constraints.
INFO: [DRC 23-133] Running Methodology with 8 threads
INFO: [Vivado_Tcl 2-1520] The results of Report Methodology are in file /home/user/lab33/lab33.runs/impl_1/lab33_methodology_drc_routed.rpt.
report_methodology completed successfully
INFO: [runtcl-4] Executing : report_power -file lab33_power_routed.rpt -pb lab33_power_summary_routed.pb -rpx lab33_power_routed.rpx
Command: report_power -file lab33_power_routed.rpt -pb lab33_power_summary_routed.pb -rpx lab33_power_routed.rpx
INFO: [Timing 38-35] Done setting XDC timing constraints.
WARNING: [Power 33-232] No user defined clocks were found in the design! Power estimation will be inaccurate until this is corrected.
Resolution: Please specify clocks using create_clock/create_generated_clock for sequential elements. For pure combinatorial circuits, please specify a virtual clock, otherwise the vectorless estimation might be inaccurate
Running Vector-less Activity Propagation...

Finished Running Vector-less Activity Propagation
69 Infos, 2 Warnings, 0 Critical Warnings and 0 Errors encountered.
report_power completed successfully
INFO: [runtcl-4] Executing : report_route_status -file lab33_route_status.rpt -pb lab33_route_status.pb
INFO: [runtcl-4] Executing : report_timing_summary -max_paths 10 -report_unconstrained -file lab33_timing_summary_routed.rpt -pb lab33_timing_summary_routed.pb -rpx lab33_timing_summary_routed.rpx -warn_on_violation 
INFO: [Timing 38-91] UpdateTimingParams: Speed grade: -1, Delay Type: min_max.
INFO: [Timing 38-191] Multithreading enabled for timing update using a maximum of 8 CPUs
WARNING: [Timing 38-313] There are no user specified timing constraints. Timing constraints are needed for proper timing analysis.
INFO: [runtcl-4] Executing : report_incremental_reuse -file lab33_incremental_reuse_routed.rpt
INFO: [Vivado_Tcl 4-1062] Incremental flow is disabled. No incremental reuse Info to report.
INFO: [runtcl-4] Executing : report_clock_utilization -file lab33_clock_utilization_routed.rpt
INFO: [runtcl-4] Executing : report_bus_skew -warn_on_violation -file lab33_bus_skew_routed.rpt -pb lab33_bus_skew_routed.pb -rpx lab33_bus_skew_routed.rpx
INFO: [Timing 38-91] UpdateTimingParams: Speed grade: -1, Delay Type: min_max.
INFO: [Timing 38-191] Multithreading enabled for timing update using a maximum of 8 CPUs
INFO: [Timing 38-480] Writing timing data to binary archive.
Writing XDEF routing.
Writing XDEF routing logical nets.
Writing XDEF routing special nets.
Write XDEF Complete: Time (s): cpu = 00:00:00.05 ; elapsed = 00:00:00.03 . Memory (MB): peak = 3417.516 ; gain = 0.000 ; free physical = 141 ; free virtual = 3787
INFO: [Common 17-1381] The checkpoint '/home/user/lab33/lab33.runs/impl_1/lab33_routed.dcp' has been generated.
INFO: [Common 17-206] Exiting Vivado at Fri Sep 20 11:44:27 2024...

*** Running vivado
    with args -log lab33.vdi -applog -m64 -product Vivado -messageDb vivado.pb -mode batch -source lab33.tcl -notrace


****** Vivado v2023.1 (64-bit)
  **** SW Build 3865809 on Sun May  7 15:04:56 MDT 2023
  **** IP Build 3864474 on Sun May  7 20:36:21 MDT 2023
  **** SharedData Build 3865790 on Sun May 07 13:33:03 MDT 2023
    ** Copyright 1986-2022 Xilinx, Inc. All Rights Reserved.
    ** Copyright 2022-2023 Advanced Micro Devices, Inc. All Rights Reserved.

source lab33.tcl -notrace
Command: open_checkpoint lab33_routed.dcp
INFO: [Device 21-403] Loading part xc7a35tcpg236-1
Netlist sorting complete. Time (s): cpu = 00:00:00.01 ; elapsed = 00:00:00 . Memory (MB): peak = 2124.555 ; gain = 0.035 ; free physical = 988 ; free virtual = 4818
INFO: [Project 1-479] Netlist was created with Vivado 2023.1
INFO: [Project 1-570] Preparing netlist for logic optimization
INFO: [Timing 38-478] Restoring timing data from binary archive.
INFO: [Timing 38-479] Binary timing data restore complete.
INFO: [Project 1-856] Restoring constraints from binary archive.
INFO: [Project 1-853] Binary constraint restore complete.
Reading XDEF placement.
Reading placer database...
Reading XDEF routing.
Read XDEF Files: Time (s): cpu = 00:00:00.07 ; elapsed = 00:00:00.09 . Memory (MB): peak = 2723.121 ; gain = 19.332 ; free physical = 345 ; free virtual = 4221
Restored from archive | CPU: 0.080000 secs | Memory: 1.065590 MB |
Finished XDEF File Restore: Time (s): cpu = 00:00:00.07 ; elapsed = 00:00:00.09 . Memory (MB): peak = 2723.125 ; gain = 19.348 ; free physical = 345 ; free virtual = 4221
Netlist sorting complete. Time (s): cpu = 00:00:00 ; elapsed = 00:00:00 . Memory (MB): peak = 2723.387 ; gain = 0.000 ; free physical = 344 ; free virtual = 4221
INFO: [Project 1-111] Unisim Transformation Summary:
No Unisim elements were transformed.

INFO: [Project 1-604] Checkpoint was created with Vivado v2023.1 (64-bit) build 3865809
open_checkpoint: Time (s): cpu = 00:00:20 ; elapsed = 00:00:23 . Memory (MB): peak = 2723.488 ; gain = 1051.777 ; free physical = 344 ; free virtual = 4221
Command: write_bitstream -force lab33.bit
Attempting to get a license for feature 'Implementation' and/or device 'xc7a35t'
INFO: [Common 17-349] Got license for feature 'Implementation' and/or device 'xc7a35t'
Running DRC as a precondition to command write_bitstream
INFO: [IP_Flow 19-234] Refreshing IP repositories
INFO: [IP_Flow 19-1704] No user IP repositories specified
INFO: [IP_Flow 19-2313] Loaded Vivado IP repository '/home/user/Xilinx/Vivado/2023.1/data/ip'.
INFO: [DRC 23-27] Running DRC with 8 threads
WARNING: [DRC CFGBVS-1] Missing CFGBVS and CONFIG_VOLTAGE Design Properties: Neither the CFGBVS nor CONFIG_VOLTAGE voltage property is set in the current_design.  Configuration bank voltage select (CFGBVS) must be set to VCCO or GND, and CONFIG_VOLTAGE must be set to the correct configuration voltage, in order to determine the I/O voltage support for the pins in bank 0.  It is suggested to specify these either using the 'Edit Device Properties' function in the GUI or directly in the XDC file using the following syntax:

 set_property CFGBVS value1 [current_design]
 #where value1 is either VCCO or GND

 set_property CONFIG_VOLTAGE value2 [current_design]
 #where value2 is the voltage provided to configuration bank 0

Refer to the device configuration user guide for more information.
INFO: [Vivado 12-3199] DRC finished with 0 Errors, 1 Warnings
INFO: [Vivado 12-3200] Please refer to the DRC report (report_drc) for more information.
INFO: [Designutils 20-2272] Running write_bitstream with 8 threads.
Loading data files...
Loading site data...
Loading route data...
Processing options...
Creating bitmap...
Creating bitstream...
Writing bitstream ./lab33.bit...
INFO: [Vivado 12-1842] Bitgen Completed Successfully.
INFO: [Project 1-1876] WebTalk data collection is mandatory when using a ULT device. To see the specific WebTalk data collected for your design, open the usage_statistics_webtalk.html or usage_statistics_webtalk.xml file in the implementation directory.
INFO: [Common 17-83] Releasing license: Implementation
20 Infos, 1 Warnings, 0 Critical Warnings and 0 Errors encountered.
write_bitstream completed successfully
write_bitstream: Time (s): cpu = 00:00:08 ; elapsed = 00:00:08 . Memory (MB): peak = 3256.465 ; gain = 532.742 ; free physical = 132 ; free virtual = 3810
INFO: [Common 17-206] Exiting Vivado at Fri Sep 20 11:45:18 2024...
