Copyright 1986-2022 Xilinx, Inc. All Rights Reserved. Copyright 2022-2023 Advanced Micro Devices, Inc. All Rights Reserved.
------------------------------------------------------------------------------------------------------------------------------------------------------------------------------------------------------------
| Tool Version : Vivado v.2023.1 (lin64) Build 3865809 Sun May  7 15:04:56 MDT 2023
| Date         : Fri Sep 20 11:18:30 2024
| Host         : cf92375acbd4 running 64-bit Ubuntu 22.04.5 LTS
| Command      : report_timing_summary -max_paths 10 -report_unconstrained -file lab32_timing_summary_routed.rpt -pb lab32_timing_summary_routed.pb -rpx lab32_timing_summary_routed.rpx -warn_on_violation
| Design       : lab32
| Device       : 7a35t-cpg236
| Speed File   : -1  PRODUCTION 1.23 2018-06-13
| Design State : Routed
------------------------------------------------------------------------------------------------------------------------------------------------------------------------------------------------------------

Timing Summary Report

------------------------------------------------------------------------------------------------
| Timer Settings
| --------------
------------------------------------------------------------------------------------------------

  Enable Multi Corner Analysis               :  Yes
  Enable Pessimism Removal                   :  Yes
  Pessimism Removal Resolution               :  Nearest Common Node
  Enable Input Delay Default Clock           :  No
  Enable Preset / Clear Arcs                 :  No
  Disable Flight Delays                      :  No
  Ignore I/O Paths                           :  No
  Timing Early Launch at Borrowing Latches   :  No
  Borrow Time for Max Delay Exceptions       :  Yes
  Merge Timing Exceptions                    :  Yes

  Corner  Analyze    Analyze    
  Name    Max Paths  Min Paths  
  ------  ---------  ---------  
  Slow    Yes        Yes        
  Fast    Yes        Yes        


------------------------------------------------------------------------------------------------
| Report Methodology
| ------------------
------------------------------------------------------------------------------------------------

No report available as report_methodology has not been run prior. Run report_methodology on the current design for the summary of methodology violations.



check_timing report

Table of Contents
-----------------
1. checking no_clock (0)
2. checking constant_clock (0)
3. checking pulse_width_clock (0)
4. checking unconstrained_internal_endpoints (0)
5. checking no_input_delay (0)
6. checking no_output_delay (0)
7. checking multiple_clock (0)
8. checking generated_clocks (0)
9. checking loops (0)
10. checking partial_input_delay (0)
11. checking partial_output_delay (0)
12. checking latch_loops (0)

1. checking no_clock (0)
------------------------
 There are 0 register/latch pins with no clock.


2. checking constant_clock (0)
------------------------------
 There are 0 register/latch pins with constant_clock.


3. checking pulse_width_clock (0)
---------------------------------
 There are 0 register/latch pins which need pulse_width check


4. checking unconstrained_internal_endpoints (0)
------------------------------------------------
 There are 0 pins that are not constrained for maximum delay.

 There are 0 pins that are not constrained for maximum delay due to constant clock.


5. checking no_input_delay (0)
------------------------------
 There are 0 input ports with no input delay specified.

 There are 0 input ports with no input delay but user has a false path constraint.


6. checking no_output_delay (0)
-------------------------------
 There are 0 ports with no output delay specified.

 There are 0 ports with no output delay but user has a false path constraint

 There are 0 ports with no output delay but with a timing clock defined on it or propagating through it


7. checking multiple_clock (0)
------------------------------
 There are 0 register/latch pins with multiple clocks.


8. checking generated_clocks (0)
--------------------------------
 There are 0 generated clocks that are not connected to a clock source.


9. checking loops (0)
---------------------
 There are 0 combinational loops in the design.


10. checking partial_input_delay (0)
------------------------------------
 There are 0 input ports with partial input delay specified.


11. checking partial_output_delay (0)
-------------------------------------
 There are 0 ports with partial output delay specified.


12. checking latch_loops (0)
----------------------------
 There are 0 combinational latch loops in the design through latch input



------------------------------------------------------------------------------------------------
| Design Timing Summary
| ---------------------
------------------------------------------------------------------------------------------------

    WNS(ns)      TNS(ns)  TNS Failing Endpoints  TNS Total Endpoints      WHS(ns)      THS(ns)  THS Failing Endpoints  THS Total Endpoints     WPWS(ns)     TPWS(ns)  TPWS Failing Endpoints  TPWS Total Endpoints  
    -------      -------  ---------------------  -------------------      -------      -------  ---------------------  -------------------     --------     --------  ----------------------  --------------------  
        inf        0.000                      0                    4          inf        0.000                      0                    4           NA           NA                      NA                    NA  


There are no user specified timing constraints.


------------------------------------------------------------------------------------------------
| Clock Summary
| -------------
------------------------------------------------------------------------------------------------


------------------------------------------------------------------------------------------------
| Intra Clock Table
| -----------------
------------------------------------------------------------------------------------------------

Clock             WNS(ns)      TNS(ns)  TNS Failing Endpoints  TNS Total Endpoints      WHS(ns)      THS(ns)  THS Failing Endpoints  THS Total Endpoints     WPWS(ns)     TPWS(ns)  TPWS Failing Endpoints  TPWS Total Endpoints  
-----             -------      -------  ---------------------  -------------------      -------      -------  ---------------------  -------------------     --------     --------  ----------------------  --------------------  


------------------------------------------------------------------------------------------------
| Inter Clock Table
| -----------------
------------------------------------------------------------------------------------------------

From Clock    To Clock          WNS(ns)      TNS(ns)  TNS Failing Endpoints  TNS Total Endpoints      WHS(ns)      THS(ns)  THS Failing Endpoints  THS Total Endpoints  
----------    --------          -------      -------  ---------------------  -------------------      -------      -------  ---------------------  -------------------  


------------------------------------------------------------------------------------------------
| Other Path Groups Table
| -----------------------
------------------------------------------------------------------------------------------------

Path Group    From Clock    To Clock          WNS(ns)      TNS(ns)  TNS Failing Endpoints  TNS Total Endpoints      WHS(ns)      THS(ns)  THS Failing Endpoints  THS Total Endpoints  
----------    ----------    --------          -------      -------  ---------------------  -------------------      -------      -------  ---------------------  -------------------  


------------------------------------------------------------------------------------------------
| User Ignored Path Table
| -----------------------
------------------------------------------------------------------------------------------------

Path Group    From Clock    To Clock    
----------    ----------    --------    


------------------------------------------------------------------------------------------------
| Unconstrained Path Table
| ------------------------
------------------------------------------------------------------------------------------------

Path Group    From Clock    To Clock    
----------    ----------    --------    
(none)                                    


------------------------------------------------------------------------------------------------
| Timing Details
| --------------
------------------------------------------------------------------------------------------------


--------------------------------------------------------------------------------------
Path Group:  (none)
From Clock:  
  To Clock:  

Max Delay             4 Endpoints
Min Delay             4 Endpoints
--------------------------------------------------------------------------------------


Max Delay Paths
--------------------------------------------------------------------------------------
Slack:                    inf
  Source:                 din
                            (input port)
  Destination:            dout[1]
                            (output port)
  Path Group:             (none)
  Path Type:              Max at Slow Process Corner
  Data Path Delay:        8.781ns  (logic 5.118ns (58.281%)  route 3.663ns (41.719%))
  Logic Levels:           3  (IBUF=1 LUT3=1 OBUF=1)

    Location             Delay type                Incr(ns)  Path(ns)    Netlist Resource(s)
  -------------------------------------------------------------------    -------------------
    W16                                               0.000     0.000 r  din (IN)
                         net (fo=0)                   0.000     0.000    din
    W16                  IBUF (Prop_ibuf_I_O)         1.464     1.464 r  din_IBUF_inst/O
                         net (fo=4, routed)           1.232     2.696    din_IBUF
    SLICE_X0Y12          LUT3 (Prop_lut3_I1_O)        0.124     2.820 r  dout_OBUF[1]_inst_i_1/O
                         net (fo=1, routed)           2.431     5.251    dout_OBUF[1]
    E19                  OBUF (Prop_obuf_I_O)         3.530     8.781 r  dout_OBUF[1]_inst/O
                         net (fo=0)                   0.000     8.781    dout[1]
    E19                                                               r  dout[1] (OUT)
  -------------------------------------------------------------------    -------------------

Slack:                    inf
  Source:                 addr[0]
                            (input port)
  Destination:            dout[0]
                            (output port)
  Path Group:             (none)
  Path Type:              Max at Slow Process Corner
  Data Path Delay:        8.770ns  (logic 5.318ns (60.633%)  route 3.453ns (39.367%))
  Logic Levels:           3  (IBUF=1 LUT3=1 OBUF=1)

    Location             Delay type                Incr(ns)  Path(ns)    Netlist Resource(s)
  -------------------------------------------------------------------    -------------------
    V17                                               0.000     0.000 f  addr[0] (IN)
                         net (fo=0)                   0.000     0.000    addr[0]
    V17                  IBUF (Prop_ibuf_I_O)         1.453     1.453 f  addr_IBUF[0]_inst/O
                         net (fo=4, routed)           1.375     2.828    addr_IBUF[0]
    SLICE_X0Y12          LUT3 (Prop_lut3_I1_O)        0.152     2.980 r  dout_OBUF[0]_inst_i_1/O
                         net (fo=1, routed)           2.078     5.057    dout_OBUF[0]
    U16                  OBUF (Prop_obuf_I_O)         3.713     8.770 r  dout_OBUF[0]_inst/O
                         net (fo=0)                   0.000     8.770    dout[0]
    U16                                                               r  dout[0] (OUT)
  -------------------------------------------------------------------    -------------------

Slack:                    inf
  Source:                 din
                            (input port)
  Destination:            dout[3]
                            (output port)
  Path Group:             (none)
  Path Type:              Max at Slow Process Corner
  Data Path Delay:        8.432ns  (logic 5.325ns (63.152%)  route 3.107ns (36.848%))
  Logic Levels:           3  (IBUF=1 LUT3=1 OBUF=1)

    Location             Delay type                Incr(ns)  Path(ns)    Netlist Resource(s)
  -------------------------------------------------------------------    -------------------
    W16                                               0.000     0.000 r  din (IN)
                         net (fo=0)                   0.000     0.000    din
    W16                  IBUF (Prop_ibuf_I_O)         1.464     1.464 r  din_IBUF_inst/O
                         net (fo=4, routed)           1.232     2.696    din_IBUF
    SLICE_X0Y12          LUT3 (Prop_lut3_I2_O)        0.150     2.846 r  dout_OBUF[3]_inst_i_1/O
                         net (fo=1, routed)           1.875     4.721    dout_OBUF[3]
    V19                  OBUF (Prop_obuf_I_O)         3.711     8.432 r  dout_OBUF[3]_inst/O
                         net (fo=0)                   0.000     8.432    dout[3]
    V19                                                               r  dout[3] (OUT)
  -------------------------------------------------------------------    -------------------

Slack:                    inf
  Source:                 addr[0]
                            (input port)
  Destination:            dout[2]
                            (output port)
  Path Group:             (none)
  Path Type:              Max at Slow Process Corner
  Data Path Delay:        8.319ns  (logic 5.078ns (61.036%)  route 3.242ns (38.964%))
  Logic Levels:           3  (IBUF=1 LUT3=1 OBUF=1)

    Location             Delay type                Incr(ns)  Path(ns)    Netlist Resource(s)
  -------------------------------------------------------------------    -------------------
    V17                                               0.000     0.000 f  addr[0] (IN)
                         net (fo=0)                   0.000     0.000    addr[0]
    V17                  IBUF (Prop_ibuf_I_O)         1.453     1.453 f  addr_IBUF[0]_inst/O
                         net (fo=4, routed)           1.375     2.828    addr_IBUF[0]
    SLICE_X0Y12          LUT3 (Prop_lut3_I0_O)        0.124     2.952 r  dout_OBUF[2]_inst_i_1/O
                         net (fo=1, routed)           1.867     4.818    dout_OBUF[2]
    U19                  OBUF (Prop_obuf_I_O)         3.501     8.319 r  dout_OBUF[2]_inst/O
                         net (fo=0)                   0.000     8.319    dout[2]
    U19                                                               r  dout[2] (OUT)
  -------------------------------------------------------------------    -------------------





Min Delay Paths
--------------------------------------------------------------------------------------
Slack:                    inf
  Source:                 addr[1]
                            (input port)
  Destination:            dout[2]
                            (output port)
  Path Group:             (none)
  Path Type:              Min at Fast Process Corner
  Data Path Delay:        2.250ns  (logic 1.476ns (65.631%)  route 0.773ns (34.369%))
  Logic Levels:           3  (IBUF=1 LUT3=1 OBUF=1)

    Location             Delay type                Incr(ns)  Path(ns)    Netlist Resource(s)
  -------------------------------------------------------------------    -------------------
    V16                                               0.000     0.000 r  addr[1] (IN)
                         net (fo=0)                   0.000     0.000    addr[1]
    V16                  IBUF (Prop_ibuf_I_O)         0.229     0.229 r  addr_IBUF[1]_inst/O
                         net (fo=4, routed)           0.348     0.578    addr_IBUF[1]
    SLICE_X0Y12          LUT3 (Prop_lut3_I2_O)        0.045     0.623 r  dout_OBUF[2]_inst_i_1/O
                         net (fo=1, routed)           0.425     1.048    dout_OBUF[2]
    U19                  OBUF (Prop_obuf_I_O)         1.202     2.250 r  dout_OBUF[2]_inst/O
                         net (fo=0)                   0.000     2.250    dout[2]
    U19                                                               r  dout[2] (OUT)
  -------------------------------------------------------------------    -------------------

Slack:                    inf
  Source:                 addr[1]
                            (input port)
  Destination:            dout[3]
                            (output port)
  Path Group:             (none)
  Path Type:              Min at Fast Process Corner
  Data Path Delay:        2.323ns  (logic 1.549ns (66.713%)  route 0.773ns (33.287%))
  Logic Levels:           3  (IBUF=1 LUT3=1 OBUF=1)

    Location             Delay type                Incr(ns)  Path(ns)    Netlist Resource(s)
  -------------------------------------------------------------------    -------------------
    V16                                               0.000     0.000 r  addr[1] (IN)
                         net (fo=0)                   0.000     0.000    addr[1]
    V16                  IBUF (Prop_ibuf_I_O)         0.229     0.229 r  addr_IBUF[1]_inst/O
                         net (fo=4, routed)           0.347     0.577    addr_IBUF[1]
    SLICE_X0Y12          LUT3 (Prop_lut3_I0_O)        0.048     0.625 r  dout_OBUF[3]_inst_i_1/O
                         net (fo=1, routed)           0.426     1.050    dout_OBUF[3]
    V19                  OBUF (Prop_obuf_I_O)         1.272     2.323 r  dout_OBUF[3]_inst/O
                         net (fo=0)                   0.000     2.323    dout[3]
    V19                                                               r  dout[3] (OUT)
  -------------------------------------------------------------------    -------------------

Slack:                    inf
  Source:                 addr[1]
                            (input port)
  Destination:            dout[0]
                            (output port)
  Path Group:             (none)
  Path Type:              Min at Fast Process Corner
  Data Path Delay:        2.401ns  (logic 1.551ns (64.598%)  route 0.850ns (35.402%))
  Logic Levels:           3  (IBUF=1 LUT3=1 OBUF=1)

    Location             Delay type                Incr(ns)  Path(ns)    Netlist Resource(s)
  -------------------------------------------------------------------    -------------------
    V16                                               0.000     0.000 f  addr[1] (IN)
                         net (fo=0)                   0.000     0.000    addr[1]
    V16                  IBUF (Prop_ibuf_I_O)         0.229     0.229 f  addr_IBUF[1]_inst/O
                         net (fo=4, routed)           0.348     0.578    addr_IBUF[1]
    SLICE_X0Y12          LUT3 (Prop_lut3_I2_O)        0.049     0.627 r  dout_OBUF[0]_inst_i_1/O
                         net (fo=1, routed)           0.502     1.129    dout_OBUF[0]
    U16                  OBUF (Prop_obuf_I_O)         1.273     2.401 r  dout_OBUF[0]_inst/O
                         net (fo=0)                   0.000     2.401    dout[0]
    U16                                                               r  dout[0] (OUT)
  -------------------------------------------------------------------    -------------------

Slack:                    inf
  Source:                 addr[1]
                            (input port)
  Destination:            dout[1]
                            (output port)
  Path Group:             (none)
  Path Type:              Min at Fast Process Corner
  Data Path Delay:        2.486ns  (logic 1.505ns (60.530%)  route 0.981ns (39.470%))
  Logic Levels:           3  (IBUF=1 LUT3=1 OBUF=1)

    Location             Delay type                Incr(ns)  Path(ns)    Netlist Resource(s)
  -------------------------------------------------------------------    -------------------
    V16                                               0.000     0.000 f  addr[1] (IN)
                         net (fo=0)                   0.000     0.000    addr[1]
    V16                  IBUF (Prop_ibuf_I_O)         0.229     0.229 f  addr_IBUF[1]_inst/O
                         net (fo=4, routed)           0.347     0.577    addr_IBUF[1]
    SLICE_X0Y12          LUT3 (Prop_lut3_I2_O)        0.045     0.622 r  dout_OBUF[1]_inst_i_1/O
                         net (fo=1, routed)           0.634     1.256    dout_OBUF[1]
    E19                  OBUF (Prop_obuf_I_O)         1.231     2.486 r  dout_OBUF[1]_inst/O
                         net (fo=0)                   0.000     2.486    dout[1]
    E19                                                               r  dout[1] (OUT)
  -------------------------------------------------------------------    -------------------





